=== sweep start Wed Jun 24 01:57:02 CST 2026 data=outputs/disc_operator/latent_seq_40k_20260624_0004.npz epochs=60 ===
total cells: 54
[gpu1] done cont_K0_U1_s0 rc=0 01:57:19
[gpu2] done disc_K4_U1_s0 rc=0 01:57:22
[gpu4] done disc_K8_U1_s0 rc=0 01:57:24
[gpu6] done disc_K16_U1_s0 rc=0 01:57:27
[gpu3] done disc_c_K4_U1_s0 rc=0 01:57:29
[gpu5] done disc_c_K8_U1_s0 rc=0 01:57:35
[gpu1] done disc_K32_U1_s0 rc=0 01:57:46
[gpu7] done disc_c_K16_U1_s0 rc=0 01:57:48
[gpu3] done cont_K0_U5_s0 rc=0 01:57:49
[gpu4] done disc_K4_U5_s0 rc=0 01:58:01
[gpu6] done disc_K8_U5_s0 rc=0 01:58:11
[gpu6] done disc_K4_U1_s1 rc=0 01:58:26
[gpu2] done disc_c_K32_U1_s0 rc=0 01:58:30
[gpu5] done disc_c_K4_U5_s0 rc=0 01:58:40
[gpu1] done disc_K16_U5_s0 rc=0 01:58:47
[gpu5] done cont_K0_U1_s1 rc=0 01:58:52
[gpu1] done disc_K8_U1_s1 rc=0 01:59:05
[gpu5] done disc_K32_U1_s1 rc=0 01:59:18
[gpu3] done disc_K32_U5_s0 rc=0 01:59:24
[gpu7] done disc_c_K8_U5_s0 rc=0 01:59:30
[gpu6] done disc_c_K32_U1_s1 rc=0 01:59:38
[gpu1] done disc_K4_U5_s1 rc=0 01:59:42
[gpu3] done disc_K16_U1_s1 rc=0 01:59:44
[gpu7] done disc_c_K4_U1_s1 rc=0 01:59:52
[gpu7] done cont_K0_U5_s1 rc=0 02:00:12
[gpu5] done disc_K16_U5_s1 rc=0 02:00:18
[gpu3] done disc_K8_U5_s1 rc=0 02:00:31
[gpu5] done disc_K8_U1_s2 rc=0 02:00:35
[gpu3] done disc_K4_U1_s2 rc=0 02:00:46
[gpu5] done disc_K4_U5_s2 rc=0 02:01:12
[gpu2] done disc_c_K16_U5_s0 rc=0 02:01:25
[gpu7] done disc_K32_U5_s1 rc=0 02:01:44
[gpu2] done disc_c_K8_U1_s1 rc=0 02:01:54
[gpu3] done disc_c_K32_U1_s2 rc=0 02:01:56
[gpu7] done disc_K16_U1_s2 rc=0 02:02:04
[gpu6] done disc_c_K16_U5_s1 rc=0 02:02:23
[gpu7] done disc_K8_U5_s2 rc=0 02:02:48
[gpu6] done disc_c_K8_U1_s2 rc=0 02:02:51
[gpu2] done disc_c_K4_U5_s1 rc=0 02:02:59
[gpu4] done disc_c_K32_U5_s0 rc=0 02:03:00
[gpu2] done cont_K0_U1_s2 rc=0 02:03:11
[gpu2] done disc_K32_U1_s2 rc=0 02:03:38
[gpu4] done disc_c_K16_U1_s1 rc=0 02:03:41
[gpu6] done disc_c_K4_U5_s2 rc=0 02:03:56
[gpu2] done disc_K16_U5_s2 rc=0 02:04:39
[gpu1] done disc_c_K32_U5_s1 rc=0 02:04:48
[gpu3] done disc_c_K16_U5_s2 rc=0 02:04:49
[gpu4] done disc_c_K8_U5_s1 rc=0 02:05:18
[gpu1] done disc_c_K16_U1_s2 rc=0 02:05:31
[gpu4] done disc_c_K4_U1_s2 rc=0 02:05:40
[gpu4] done cont_K0_U5_s2 rc=0 02:06:00
[gpu5] done disc_c_K32_U5_s2 rc=0 02:06:40
[gpu1] done disc_c_K8_U5_s2 rc=0 02:07:11
[gpu4] done disc_K32_U5_s2 rc=0 02:07:33
=== sweep done Wed Jun 24 02:07:33 CST 2026 ===
